#
# A fatal error has been detected by the Java Runtime Environment:
#
#  EXCEPTION_ACCESS_VIOLATION (0xc0000005) at pc=0x0000000061a5b822, pid=7356, tid=0x0000000000001bec
#
# JRE version: OpenJDK Runtime Environment (8.0_242-b01) (build 1.8.0_242-release-1644-b01)
# Java VM: OpenJDK 64-Bit Server VM (25.242-b01 mixed mode windows-amd64 compressed oops)
# Problematic frame:
# V  [jvm.dll+0x8b822]
#
# Failed to write core dump. Minidumps are not enabled by default on client versions of Windows
#
# If you would like to submit a bug report, please visit:
#   
#

---------------  T H R E A D  ---------------

Current thread (0x00000000028ca000):  GCTaskThread [stack: 0x0000000012630000,0x0000000012730000] [id=7148]

siginfo: ExceptionCode=0xc0000005, reading address 0x00000000000000e8

Registers:
RAX=0x0000000000000000, RBX=0x00000000ebf6de40, RCX=0x00000001013965f0, RDX=0x00000000ebf6de40
RSP=0x000000001272f758, RBP=0x0000000000000000, RSI=0x000000000299b900, RDI=0x0000fd4d00007263
R8 =0x0000000000000000, R9 =0x00000001013965f0, R10=0x0000000000000008, R11=0x00000000fd8c8a68
R12=0x0000000061feddd0, R13=0x0000000000000001, R14=0x0000000000000000, R15=0x00000000028ca940
RIP=0x0000000061a5b822, EFLAGS=0x0000000000010246

Top of Stack: (sp=0x000000001272f758)
0x000000001272f758:   0000000061da27b2 00000000ebf6de60
0x000000001272f768:   0000000000000002 000000000299b900
0x000000001272f778:   00000000028be000 00000000fd8c0a78
0x000000001272f788:   0000000061da2efb 00000000f7d16220
0x000000001272f798:   0000000000000000 0000000000000000
0x000000001272f7a8:   00000000028be001 0000000061feddd0
0x000000001272f7b8:   0000000061da2b20 00000000fd8c5954
0x000000001272f7c8:   0000000000000000 000000000299b900
0x000000001272f7d8:   0000fd4d00007263 00000000fd8c5954
0x000000001272f7e8:   0000000061da34f5 00000000ebf9f300
0x000000001272f7f8:   0000000000000000 000000000299b900
0x000000001272f808:   0000000061da29f8 0000fd4d00007263
0x000000001272f818:   00000000d8d27192 0000e45e0000b0c0
0x000000001272f828:   0000fd4d00007263 00000000028ca930
0x000000001272f838:   0000fd4c00007263 0000e45e0000b0c1
0x000000001272f848:   000105420000b2db 00000000028ca930 

Instructions: (pc=0x0000000061a5b822)
0x0000000061a5b802:   e2 49 8d 0c 11 49 f7 d1 48 03 c1 49 c1 e9 03 48
0x0000000061a5b812:   c1 e8 03 41 23 c1 c3 48 8b 02 48 8b d1 49 8b c9
0x0000000061a5b822:   48 ff a0 e8 00 00 00 cc cc cc cc cc cc cc 80 3d
0x0000000061a5b832:   1a 97 73 00 00 48 8b c1 74 1b 8b 51 08 8b 0d 73 


Register to memory mapping:

RAX=0x0000000000000000 is an unknown value
RBX=0x00000000ebf6de40 is an oop

[error occurred during error reporting (printing register info), id 0xc0000005]

Stack: [0x0000000012630000,0x0000000012730000],  sp=0x000000001272f758,  free space=1021k
Native frames: (J=compiled Java code, j=interpreted, Vv=VM code, C=native code)


---------------  P R O C E S S  ---------------

Java Threads: ( => current thread )
  0x000000001cf72000 JavaThread "WorkerExecutor Queue Thread 6" [_thread_blocked, id=1268, stack(0x00000000380f0000,0x00000000381f0000)]
  0x000000001e8ee000 JavaThread "ForkJoinPool.commonPool-worker-3" daemon [_thread_blocked, id=14144, stack(0x0000000030b20000,0x0000000030c20000)]
  0x000000001e8ed000 JavaThread "ForkJoinPool.commonPool-worker-2" daemon [_thread_blocked, id=5104, stack(0x0000000030a20000,0x0000000030b20000)]
  0x000000001e8ec800 JavaThread "ForkJoinPool.commonPool-worker-1" daemon [_thread_blocked, id=10360, stack(0x000000002e050000,0x000000002e150000)]
  0x000000001e8e4800 JavaThread "Cache worker for Java compile cache (C:\Users\ARIF\AndroidStudioProjects\Calculator_Apps\.gradle\6.1.1\javaCompile)" [_thread_blocked, id=14016, stack(0x000000002dbe0000,0x000000002dce0000)]
  0x000000001e8eb000 JavaThread "WorkerExecutor Queue Thread 4" [_thread_blocked, id=1768, stack(0x0000000036c10000,0x0000000036d10000)]
  0x000000001e8e2800 JavaThread "WorkerExecutor Queue Thread 3" [_thread_blocked, id=9956, stack(0x0000000036b10000,0x0000000036c10000)]
  0x000000001df09000 JavaThread "WorkerExecutor Queue Thread 2" [_thread_blocked, id=10472, stack(0x000000002dcf0000,0x000000002ddf0000)]
  0x000000001df08800 JavaThread "stdout" [_thread_in_native, id=9320, stack(0x000000002f910000,0x000000002fa10000)]
  0x000000001df07800 JavaThread "stderr" [_thread_in_native, id=13932, stack(0x000000002e9c0000,0x000000002eac0000)]
  0x000000001df0b800 JavaThread "pool-37-thread-1" [_thread_blocked, id=8860, stack(0x000000002e6c0000,0x000000002e7c0000)]
  0x000000001df00000 JavaThread "WorkerExecutor Queue" [_thread_blocked, id=924, stack(0x000000002e1e0000,0x000000002e2e0000)]
  0x000000001df07000 JavaThread "Cache worker for execution history cache (C:\Users\ARIF\AndroidStudioProjects\Calculator_Apps\.gradle\6.1.1\executionHistory)" [_thread_blocked, id=10016, stack(0x000000002dae0000,0x000000002dbe0000)]
  0x000000001df04000 JavaThread "Execution worker for ':' Thread 3" [_thread_blocked, id=356, stack(0x000000002d7e0000,0x000000002d8e0000)]
  0x000000001df02000 JavaThread "Execution worker for ':' Thread 2" [_thread_blocked, id=15076, stack(0x000000002d6e0000,0x000000002d7e0000)]
  0x000000001df03000 JavaThread "Execution worker for ':'" [_thread_blocked, id=11084, stack(0x000000002d3e0000,0x000000002d4e0000)]
  0x000000001df01800 JavaThread "Cache worker for file content cache (C:\Users\ARIF\AndroidStudioProjects\Calculator_Apps\.gradle\6.1.1\fileContent)" [_thread_blocked, id=16104, stack(0x000000002aba0000,0x000000002aca0000)]
  0x000000001deff000 JavaThread "Cache worker for Build Output Cleanup Cache (C:\Users\ARIF\AndroidStudioProjects\Calculator_Apps\.gradle\buildOutputCleanup)" [_thread_blocked, id=11636, stack(0x00000000270b0000,0x00000000271b0000)]
  0x000000001defd000 JavaThread "pool-36-thread-1" [_thread_blocked, id=16340, stack(0x0000000024eb0000,0x0000000024fb0000)]
  0x000000001defe800 JavaThread "Build operations Thread 4" [_thread_blocked, id=5388, stack(0x0000000024500000,0x0000000024600000)]
  0x000000001df00800 JavaThread "Build operations Thread 3" [_thread_blocked, id=13376, stack(0x0000000023fc0000,0x00000000240c0000)]
  0x000000002b62f800 JavaThread "Build operations Thread 2" [_thread_blocked, id=11144, stack(0x00000000228f0000,0x00000000229f0000)]
  0x000000002b62e000 JavaThread "Build operations" [_thread_blocked, id=7820, stack(0x00000000225f0000,0x00000000226f0000)]
  0x000000002b630800 JavaThread "Cache worker for cache directory md-rule (C:\Users\ARIF\.gradle\caches\6.1.1\md-rule)" [_thread_blocked, id=14980, stack(0x00000000220f0000,0x00000000221f0000)]
  0x000000002b62c000 JavaThread "Cache worker for cache directory md-supplier (C:\Users\ARIF\.gradle\caches\6.1.1\md-supplier)" [_thread_blocked, id=9288, stack(0x0000000021930000,0x0000000021a30000)]
  0x000000002b62d800 JavaThread "Cache worker for file hash cache (C:\Users\ARIF\AndroidStudioProjects\Calculator_Apps\.gradle\6.1.1\fileHashes)" [_thread_blocked, id=1020, stack(0x0000000020d30000,0x0000000020e30000)]
  0x000000002b62b000 JavaThread "Cache worker for checksums cache (C:\Users\ARIF\AndroidStudioProjects\Calculator_Apps\.gradle\checksums)" [_thread_blocked, id=16168, stack(0x000000001fbf0000,0x000000001fcf0000)]
  0x000000002b622800 JavaThread "Thread-315" [_thread_blocked, id=9552, stack(0x000000001f6f0000,0x000000001f7f0000)]
  0x000000002b622000 JavaThread "Stdin handler" [_thread_blocked, id=15200, stack(0x000000001f5f0000,0x000000001f6f0000)]
  0x000000002b628000 JavaThread "Asynchronous log dispatcher for DefaultDaemonConnection: socket connection from /127.0.0.1:56473 to /127.0.0.1:50027" [_thread_blocked, id=7368, stack(0x000000001be80000,0x000000001bf80000)]
  0x000000002b626800 JavaThread "Daemon worker Thread 14" [_thread_blocked, id=8576, stack(0x000000001bb80000,0x000000001bc80000)]
  0x000000002b628800 JavaThread "Cancel handler" [_thread_blocked, id=6296, stack(0x000000001ba80000,0x000000001bb80000)]
  0x000000002b625800 JavaThread "Handler for socket connection from /127.0.0.1:56473 to /127.0.0.1:50027" [_thread_in_native, id=8732, stack(0x000000001b780000,0x000000001b880000)]
  0x000000002b623800 JavaThread "Daemon Thread 14" [_thread_blocked, id=13644, stack(0x000000001b680000,0x000000001b780000)]
  0x000000001e8ea000 JavaThread "Cache worker for Java compile cache (C:\Users\ARIF\.gradle\caches\6.1.1\javaCompile)" [_thread_blocked, id=5612, stack(0x000000002e5c0000,0x000000002e6c0000)]
  0x000000001e8e9800 JavaThread "Cache worker for file content cache (C:\Users\ARIF\.gradle\caches\6.1.1\fileContent)" [_thread_blocked, id=15492, stack(0x0000000024400000,0x0000000024500000)]
  0x000000001e8e5800 JavaThread "Memory manager" [_thread_blocked, id=6500, stack(0x0000000024100000,0x0000000024200000)]
  0x000000001a2dd800 JavaThread "Cache worker for execution history cache (C:\Users\ARIF\.gradle\caches\6.1.1\executionHistory)" [_thread_blocked, id=6992, stack(0x0000000020e30000,0x0000000020f30000)]
  0x000000001a2e0800 JavaThread "Cache worker for file hash cache (C:\Users\ARIF\.gradle\caches\6.1.1\fileHashes)" [_thread_blocked, id=7484, stack(0x000000001e320000,0x000000001e420000)]
  0x000000001a2dc800 JavaThread "File lock request listener" [_thread_in_native, id=13996, stack(0x000000001c280000,0x000000001c380000)]
  0x000000001a2e1000 JavaThread "Cache worker for journal cache (C:\Users\ARIF\.gradle\caches\journal-1)" [_thread_blocked, id=5792, stack(0x000000001c180000,0x000000001c280000)]
  0x00000000190ef000 JavaThread "Daemon periodic checks" [_thread_blocked, id=14404, stack(0x000000001b580000,0x000000001b680000)]
  0x000000001907f800 JavaThread "Incoming local TCP Connector on port 56473" [_thread_in_native, id=7888, stack(0x000000001b340000,0x000000001b440000)]
  0x000000001a44c800 JavaThread "Daemon health stats" [_thread_blocked, id=9528, stack(0x000000001ad00000,0x000000001ae00000)]
  0x0000000018f60800 JavaThread "Service Thread" daemon [_thread_blocked, id=12528, stack(0x0000000019330000,0x0000000019430000)]
  0x00000000175eb800 JavaThread "C1 CompilerThread2" daemon [_thread_blocked, id=13212, stack(0x0000000018e30000,0x0000000018f30000)]
  0x00000000175e2800 JavaThread "C2 CompilerThread1" daemon [_thread_in_native, id=9664, stack(0x0000000018d30000,0x0000000018e30000)]
  0x00000000175d3000 JavaThread "C2 CompilerThread0" daemon [_thread_in_native, id=2064, stack(0x0000000018c30000,0x0000000018d30000)]
  0x00000000175d1800 JavaThread "Attach Listener" daemon [_thread_blocked, id=14900, stack(0x0000000018b30000,0x0000000018c30000)]
  0x00000000175d0000 JavaThread "Signal Dispatcher" daemon [_thread_blocked, id=1080, stack(0x0000000018a30000,0x0000000018b30000)]
  0x00000000029ab000 JavaThread "Finalizer" daemon [_thread_blocked, id=13088, stack(0x0000000018830000,0x0000000018930000)]
  0x00000000175b9000 JavaThread "Reference Handler" daemon [_thread_blocked, id=11700, stack(0x0000000018730000,0x0000000018830000)]
  0x00000000026ed800 JavaThread "main" [_thread_blocked, id=1428, stack(0x00000000027b0000,0x00000000028b0000)]

Other Threads:
  0x0000000017596800 VMThread [stack: 0x0000000018630000,0x0000000018730000] [id=3744]
  0x0000000017621800 WatcherThread [stack: 0x0000000019430000,0x0000000019530000] [id=14700]

=>0x00000000028ca000 (exited) GCTaskThread [stack: 0x0000000012630000,0x0000000012730000] [id=7148]

VM state:at safepoint (normal execution)

VM Mutex/Monitor currently owned by a thread:  ([mutex/lock_event])
[0x00000000026ecf60] Threads_lock - owner thread: 0x0000000017596800
[0x00000000026ec9e0] Heap_lock - owner thread: 0x000000001df09000

heap address: 0x0000000080000000, size: 2048 MB, Compressed Oops mode: 32-bit
Narrow klass base: 0x0000000000000000, Narrow klass shift: 3
Compressed class space size: 1073741824 Address: 0x0000000100000000

Heap:
 PSYoungGen      total 535040K, used 447753K [0x00000000d5580000, 0x00000000ff500000, 0x0000000100000000)
  eden space 389632K, 100% used [0x00000000d5580000,0x00000000ed200000,0x00000000ed200000)
  from space 145408K, 39% used [0x00000000ed200000,0x00000000f0ac2650,0x00000000f6000000)
  to   space 141824K, 82% used [0x00000000f6a80000,0x00000000fdd22f80,0x00000000ff500000)
 ParOldGen       total 723456K, used 476275K [0x0000000080000000, 0x00000000ac280000, 0x00000000d5580000)
  object space 723456K, 65% used [0x0000000080000000,0x000000009d11cfc0,0x00000000ac280000)
 Metaspace       used 167855K, capacity 178252K, committed 178608K, reserved 1204224K
  class space    used 21156K, capacity 23098K, committed 23216K, reserved 1048576K

Card table byte_map: [0x0000000011d70000,0x0000000012180000] byte_map_base: 0x0000000011970000

Marking Bits: (ParMarkBitMap*) 0x000000006219f030
 Begin Bits: [0x0000000012830000, 0x0000000014830000)
 End Bits:   [0x0000000014830000, 0x0000000016830000)

Polling page: 0x0000000000a20000

CodeCache: size=245760Kb used=115278Kb max_used=115278Kb free=130481Kb
 bounds [0x00000000029b0000, 0x0000000009af0000, 0x00000000119b0000]
 total_blobs=30065 nmethods=29104 adapters=871
 compilation: enabled

Compilation events (10 events):
Event: 3899.171 Thread 0x00000000175eb800 40933       3       com.android.tools.r8.graph.u0::a (102 bytes)
Event: 3899.173 Thread 0x00000000175eb800 nmethod 40933 0x0000000009abadd0 code [0x0000000009abb080, 0x0000000009abc408]
Event: 3899.181 Thread 0x00000000175eb800 40934       3       com.android.tools.r8.graph.u0$c::a (578 bytes)
Event: 3899.183 Thread 0x00000000175e2800 40935 %     4       com.android.tools.r8.B.a.a.f::a @ 1823 (3630 bytes)
Event: 3899.193 Thread 0x00000000175eb800 nmethod 40934 0x0000000009ad8c50 code [0x0000000009ad94a0, 0x0000000009adf738]
Event: 3899.202 Thread 0x00000000175d3000 40936       4       com.android.tools.r8.graph.C::u (44 bytes)
Event: 3899.214 Thread 0x00000000175d3000 nmethod 40936 0x0000000009aba6d0 code [0x0000000009aba820, 0x0000000009abaaf8]
Event: 3899.214 Thread 0x00000000175d3000 40937 %     4       com.android.tools.r8.graph.u0$b::a @ 142 (787 bytes)
Event: 3899.233 Thread 0x00000000175eb800 40940       3       com.android.tools.r8.graph.u0$b::a (103 bytes)
Event: 3899.237 Thread 0x00000000175eb800 nmethod 40940 0x0000000009ae56d0 code [0x0000000009ae5a40, 0x0000000009ae7838]

GC Heap History (10 events):
Event: 3872.591 GC heap after
Heap after GC invocations=87 (full 10):
 PSYoungGen      total 524288K, used 54021K [0x00000000d5580000, 0x00000000fea00000, 0x0000000100000000)
  eden space 372224K, 0% used [0x00000000d5580000,0x00000000d5580000,0x00000000ec100000)
  from space 152064K, 35% used [0x00000000ec100000,0x00000000ef5c15a8,0x00000000f5580000)
  to   space 147968K, 0% used [0x00000000f5980000,0x00000000f5980000,0x00000000fea00000)
 ParOldGen       total 723456K, used 453387K [0x0000000080000000, 0x00000000ac280000, 0x00000000d5580000)
  object space 723456K, 62% used [0x0000000080000000,0x000000009bac2f18,0x00000000ac280000)
 Metaspace       used 167150K, capacity 177422K, committed 177712K, reserved 1204224K
  class space    used 21082K, capacity 23007K, committed 23088K, reserved 1048576K
}
Event: 3876.269 GC heap before
{Heap before GC invocations=88 (full 10):
 PSYoungGen      total 524288K, used 426245K [0x00000000d5580000, 0x00000000fea00000, 0x0000000100000000)
  eden space 372224K, 100% used [0x00000000d5580000,0x00000000ec100000,0x00000000ec100000)
  from space 152064K, 35% used [0x00000000ec100000,0x00000000ef5c15a8,0x00000000f5580000)
  to   space 147968K, 0% used [0x00000000f5980000,0x00000000f5980000,0x00000000fea00000)
 ParOldGen       total 723456K, used 453387K [0x0000000080000000, 0x00000000ac280000, 0x00000000d5580000)
  object space 723456K, 62% used [0x0000000080000000,0x000000009bac2f18,0x00000000ac280000)
 Metaspace       used 167175K, capacity 177440K, committed 177712K, reserved 1204224K
  class space    used 21087K, capacity 23010K, committed 23088K, reserved 1048576K
Event: 3876.475 GC heap after
Heap after GC invocations=88 (full 10):
 PSYoungGen      total 525312K, used 101535K [0x00000000d5580000, 0x00000000ff480000, 0x0000000100000000)
  eden space 377344K, 0% used [0x00000000d5580000,0x00000000d5580000,0x00000000ec600000)
  from space 147968K, 68% used [0x00000000f5980000,0x00000000fbca7d78,0x00000000fea00000)
  to   space 151040K, 0% used [0x00000000ec600000,0x00000000ec600000,0x00000000f5980000)
 ParOldGen       total 723456K, used 455642K [0x0000000080000000, 0x00000000ac280000, 0x00000000d5580000)
  object space 723456K, 62% used [0x0000000080000000,0x000000009bcf6818,0x00000000ac280000)
 Metaspace       used 167175K, capacity 177440K, committed 177712K, reserved 1204224K
  class space    used 21087K, capacity 23010K, committed 23088K, reserved 1048576K
}
Event: 3884.963 GC heap before
{Heap before GC invocations=89 (full 10):
 PSYoungGen      total 525312K, used 478879K [0x00000000d5580000, 0x00000000ff480000, 0x0000000100000000)
  eden space 377344K, 100% used [0x00000000d5580000,0x00000000ec600000,0x00000000ec600000)
  from space 147968K, 68% used [0x00000000f5980000,0x00000000fbca7d78,0x00000000fea00000)
  to   space 151040K, 0% used [0x00000000ec600000,0x00000000ec600000,0x00000000f5980000)
 ParOldGen       total 723456K, used 455642K [0x0000000080000000, 0x00000000ac280000, 0x00000000d5580000)
  object space 723456K, 62% used [0x0000000080000000,0x000000009bcf6818,0x00000000ac280000)
 Metaspace       used 167202K, capacity 177476K, committed 177712K, reserved 1204224K
  class space    used 21090K, capacity 23016K, committed 23088K, reserved 1048576K
Event: 3885.061 GC heap after
Heap after GC invocations=89 (full 10):
 PSYoungGen      total 528384K, used 58817K [0x00000000d5580000, 0x00000000fef80000, 0x0000000100000000)
  eden space 377344K, 0% used [0x00000000d5580000,0x00000000d5580000,0x00000000ec600000)
  from space 151040K, 38% used [0x00000000ec600000,0x00000000eff704a0,0x00000000f5980000)
  to   space 146432K, 0% used [0x00000000f6080000,0x00000000f6080000,0x00000000fef80000)
 ParOldGen       total 723456K, used 455674K [0x0000000080000000, 0x00000000ac280000, 0x00000000d5580000)
  object space 723456K, 62% used [0x0000000080000000,0x000000009bcfe818,0x00000000ac280000)
 Metaspace       used 167202K, capacity 177476K, committed 177712K, reserved 1204224K
  class space    used 21090K, capacity 23016K, committed 23088K, reserved 1048576K
}
Event: 3891.314 GC heap before
{Heap before GC invocations=90 (full 10):
 PSYoungGen      total 528384K, used 436161K [0x00000000d5580000, 0x00000000fef80000, 0x0000000100000000)
  eden space 377344K, 100% used [0x00000000d5580000,0x00000000ec600000,0x00000000ec600000)
  from space 151040K, 38% used [0x00000000ec600000,0x00000000eff704a0,0x00000000f5980000)
  to   space 146432K, 0% used [0x00000000f6080000,0x00000000f6080000,0x00000000fef80000)
 ParOldGen       total 723456K, used 455674K [0x0000000080000000, 0x00000000ac280000, 0x00000000d5580000)
  object space 723456K, 62% used [0x0000000080000000,0x000000009bcfe818,0x00000000ac280000)
 Metaspace       used 167801K, capacity 178158K, committed 178352K, reserved 1204224K
  class space    used 21151K, capacity 23093K, committed 23216K, reserved 1048576K
Event: 3891.479 GC heap after
Heap after GC invocations=90 (full 10):
 PSYoungGen      total 534528K, used 90901K [0x00000000d5580000, 0x00000000fee00000, 0x0000000100000000)
  eden space 389632K, 0% used [0x00000000d5580000,0x00000000d5580000,0x00000000ed200000)
  from space 144896K, 62% used [0x00000000f6080000,0x00000000fb945528,0x00000000fee00000)
  to   space 145408K, 0% used [0x00000000ed200000,0x00000000ed200000,0x00000000f6000000)
 ParOldGen       total 723456K, used 459663K [0x0000000080000000, 0x00000000ac280000, 0x00000000d5580000)
  object space 723456K, 63% used [0x0000000080000000,0x000000009c0e3c40,0x00000000ac280000)
 Metaspace       used 167801K, capacity 178158K, committed 178352K, reserved 1204224K
  class space    used 21151K, capacity 23093K, committed 23216K, reserved 1048576K
}
Event: 3897.269 GC heap before
{Heap before GC invocations=91 (full 10):
 PSYoungGen      total 534528K, used 480432K [0x00000000d5580000, 0x00000000fee00000, 0x0000000100000000)
  eden space 389632K, 99% used [0x00000000d5580000,0x00000000ed1e6d68,0x00000000ed200000)
  from space 144896K, 62% used [0x00000000f6080000,0x00000000fb945528,0x00000000fee00000)
  to   space 145408K, 0% used [0x00000000ed200000,0x00000000ed200000,0x00000000f6000000)
 ParOldGen       total 723456K, used 459663K [0x0000000080000000, 0x00000000ac280000, 0x00000000d5580000)
  object space 723456K, 63% used [0x0000000080000000,0x000000009c0e3c40,0x00000000ac280000)
 Metaspace       used 167836K, capacity 178240K, committed 178608K, reserved 1204224K
  class space    used 21153K, capacity 23096K, committed 23216K, reserved 1048576K
Event: 3897.465 GC heap after
Heap after GC invocations=91 (full 10):
 PSYoungGen      total 535040K, used 58121K [0x00000000d5580000, 0x00000000ff500000, 0x0000000100000000)
  eden space 389632K, 0% used [0x00000000d5580000,0x00000000d5580000,0x00000000ed200000)
  from space 145408K, 39% used [0x00000000ed200000,0x00000000f0ac2650,0x00000000f6000000)
  to   space 141824K, 0% used [0x00000000f6a80000,0x00000000f6a80000,0x00000000ff500000)
 ParOldGen       total 723456K, used 470573K [0x0000000080000000, 0x00000000ac280000, 0x00000000d5580000)
  object space 723456K, 65% used [0x0000000080000000,0x000000009cb8b430,0x00000000ac280000)
 Metaspace       used 167836K, capacity 178240K, committed 178608K, reserved 1204224K
  class space    used 21153K, capacity 23096K, committed 23216K, reserved 1048576K
}
Event: 3899.689 GC heap before
{Heap before GC invocations=92 (full 10):
 PSYoungGen      total 535040K, used 447753K [0x00000000d5580000, 0x00000000ff500000, 0x0000000100000000)
  eden space 389632K, 100% used [0x00000000d5580000,0x00000000ed200000,0x00000000ed200000)
  from space 145408K, 39% used [0x00000000ed200000,0x00000000f0ac2650,0x00000000f6000000)
  to   space 141824K, 0% used [0x00000000f6a80000,0x00000000f6a80000,0x00000000ff500000)
 ParOldGen       total 723456K, used 470573K [0x0000000080000000, 0x00000000ac280000, 0x00000000d5580000)
  object space 723456K, 65% used [0x0000000080000000,0x000000009cb8b430,0x00000000ac280000)
 Metaspace       used 167855K, capacity 178252K, committed 178608K, reserved 1204224K
  class space    used 21156K, capacity 23098K, committed 23216K, reserved 1048576K

Deoptimization events (10 events):
Event: 3896.413 Thread 0x000000001df04000 Uncommon trap: reason=class_check action=maybe_recompile pc=0x0000000007929078 method=java.util.concurrent.ForkJoinTask.get()Ljava/lang/Object; @ 65
Event: 3896.538 Thread 0x000000001e8ed000 Uncommon trap: reason=speculate_class_check action=maybe_recompile pc=0x0000000009a291e4 method=java.util.concurrent.ForkJoinTask.doExec()I @ 10
Event: 3896.540 Thread 0x000000001e8ec800 Uncommon trap: reason=speculate_class_check action=maybe_recompile pc=0x0000000009a291e4 method=java.util.concurrent.ForkJoinTask.doExec()I @ 10
Event: 3896.540 Thread 0x000000001e8ee000 Uncommon trap: reason=speculate_class_check action=maybe_recompile pc=0x0000000009a291e4 method=java.util.concurrent.ForkJoinTask.doExec()I @ 10
Event: 3896.541 Thread 0x000000001e8ec800 Uncommon trap: reason=speculate_class_check action=maybe_recompile pc=0x0000000009a291e4 method=java.util.concurrent.ForkJoinTask.doExec()I @ 10
Event: 3896.906 Thread 0x000000001e8ed000 Uncommon trap: reason=class_check action=maybe_recompile pc=0x000000000914ab60 method=org.objectweb.asm.ClassReader.readCode(Lorg/objectweb/asm/MethodVisitor;Lorg/objectweb/asm/Context;I)V @ 3922
Event: 3896.906 Thread 0x000000001e8ee000 Uncommon trap: reason=class_check action=maybe_recompile pc=0x000000000914ab60 method=org.objectweb.asm.ClassReader.readCode(Lorg/objectweb/asm/MethodVisitor;Lorg/objectweb/asm/Context;I)V @ 3922
Event: 3896.906 Thread 0x000000001e8ee000 Uncommon trap: reason=unstable_if action=reinterpret pc=0x0000000005e21e34 method=org.objectweb.asm.ClassReader.readUtf(II[C)Ljava/lang/String; @ 41
Event: 3896.970 Thread 0x000000001df03000 Uncommon trap: reason=class_check action=maybe_recompile pc=0x00000000079fa674 method=java.util.Collections$SetFromMap.iterator()Ljava/util/Iterator; @ 4
Event: 3897.654 Thread 0x000000001df03000 Uncommon trap: reason=class_check action=maybe_recompile pc=0x00000000079fa674 method=java.util.Collections$SetFromMap.iterator()Ljava/util/Iterator; @ 4

Classes redefined (0 events):
No events

Internal exceptions (10 events):
Event: 3885.767 Thread 0x000000002b626800 Exception <a 'sun/nio/fs/WindowsException'> (0x00000000dbf311f0) thrown at [C:\src\AOSP-openjdk-git\hotspot\src\share\vm\prims\jni.cpp, line 710]
Event: 3885.768 Thread 0x000000002b626800 Exception <a 'sun/nio/fs/WindowsException'> (0x00000000dbf32a48) thrown at [C:\src\AOSP-openjdk-git\hotspot\src\share\vm\prims\jni.cpp, line 710]
Event: 3885.769 Thread 0x000000002b626800 Exception <a 'sun/nio/fs/WindowsException'> (0x00000000dbf396f0) thrown at [C:\src\AOSP-openjdk-git\hotspot\src\share\vm\prims\jni.cpp, line 710]
Event: 3885.770 Thread 0x000000002b626800 Exception <a 'sun/nio/fs/WindowsException'> (0x00000000dbf3af18) thrown at [C:\src\AOSP-openjdk-git\hotspot\src\share\vm\prims\jni.cpp, line 710]
Event: 3885.770 Thread 0x000000002b626800 Exception <a 'sun/nio/fs/WindowsException'> (0x00000000dbf3c7b0) thrown at [C:\src\AOSP-openjdk-git\hotspot\src\share\vm\prims\jni.cpp, line 710]
Event: 3885.770 Thread 0x000000002b626800 Exception <a 'sun/nio/fs/WindowsException'> (0x00000000dbf3f128) thrown at [C:\src\AOSP-openjdk-git\hotspot\src\share\vm\prims\jni.cpp, line 710]
Event: 3885.771 Thread 0x000000002b626800 Exception <a 'sun/nio/fs/WindowsException'> (0x00000000dbf40960) thrown at [C:\src\AOSP-openjdk-git\hotspot\src\share\vm\prims\jni.cpp, line 710]
Event: 3885.771 Thread 0x000000002b626800 Exception <a 'sun/nio/fs/WindowsException'> (0x00000000dbf42208) thrown at [C:\src\AOSP-openjdk-git\hotspot\src\share\vm\prims\jni.cpp, line 710]
Event: 3897.929 Thread 0x000000001df00000 Exception <a 'sun/nio/fs/WindowsException'> (0x00000000d8d02a60) thrown at [C:\src\AOSP-openjdk-git\hotspot\src\share\vm\prims\jni.cpp, line 710]
Event: 3899.227 Thread 0x000000001df09000 Exception <a 'sun/nio/fs/WindowsException'> (0x00000000e7707740) thrown at [C:\src\AOSP-openjdk-git\hotspot\src\share\vm\prims\jni.cpp, line 710]

Events (10 events):
Event: 3898.222 loading class com/android/builder/desugaring/DesugaringGraph
Event: 3898.222 loading class com/android/builder/desugaring/DesugaringGraph done
Event: 3898.223 loading class com/android/builder/desugaring/DesugaringGraph
Event: 3898.223 loading class com/android/builder/desugaring/DesugaringGraph done
Event: 3898.850 Executing VM operation: BulkRevokeBias
Event: 3898.855 Executing VM operation: BulkRevokeBias done
Event: 3898.861 Thread 0x000000001cf72000 Thread added: 0x000000001cf72000
Event: 3899.231 Thread 0x000000001df09000 DEOPT PACKING pc=0x0000000007498c1e sp=0x000000002dded430
Event: 3899.231 Thread 0x000000001df09000 DEOPT UNPACKING pc=0x00000000029f75d0 sp=0x000000002dded530 mode 0
Event: 3899.685 Executing VM operation: ParallelGCFailedAllocation


Dynamic libraries:
0x00007ff66e520000 - 0x00007ff66e551000 	C:\Program Files\Android\Android Studio\jre\bin\java.exe
0x00007ffae6750000 - 0x00007ffae6948000 	C:\WINDOWS\SYSTEM32\ntdll.dll
0x00007ffae4ec0000 - 0x00007ffae4f7f000 	C:\WINDOWS\System32\KERNEL32.DLL
0x00007ffae4190000 - 0x00007ffae4462000 	C:\WINDOWS\System32\KERNELBASE.dll
0x00007ffae6400000 - 0x00007ffae64ae000 	C:\WINDOWS\System32\ADVAPI32.dll
0x00007ffae4e20000 - 0x00007ffae4ebe000 	C:\WINDOWS\System32\msvcrt.dll
0x00007ffae6360000 - 0x00007ffae63fc000 	C:\WINDOWS\System32\sechost.dll
0x00007ffae5fc0000 - 0x00007ffae60e5000 	C:\WINDOWS\System32\RPCRT4.dll
0x00007ffae64b0000 - 0x00007ffae6651000 	C:\WINDOWS\System32\USER32.dll
0x00007ffae4160000 - 0x00007ffae4182000 	C:\WINDOWS\System32\win32u.dll
0x00007ffae5650000 - 0x00007ffae567b000 	C:\WINDOWS\System32\GDI32.dll
0x00007ffae3e40000 - 0x00007ffae3f4f000 	C:\WINDOWS\System32\gdi32full.dll
0x00007ffae4590000 - 0x00007ffae462d000 	C:\WINDOWS\System32\msvcp_win.dll
0x00007ffae3f50000 - 0x00007ffae4050000 	C:\WINDOWS\System32\ucrtbase.dll
0x00007ffad3750000 - 0x00007ffad39ea000 	C:\WINDOWS\WinSxS\amd64_microsoft.windows.common-controls_6595b64144ccf1df_6.0.19041.1110_none_60b5254171f9507e\COMCTL32.dll
0x00007ffae5830000 - 0x00007ffae5862000 	C:\WINDOWS\System32\IMM32.DLL
0x0000000061810000 - 0x00000000618e2000 	C:\Program Files\Android\Android Studio\jre\jre\bin\msvcr100.dll
0x00000000619d0000 - 0x000000006221b000 	C:\Program Files\Android\Android Studio\jre\jre\bin\server\jvm.dll
0x00007ffae4d90000 - 0x00007ffae4d98000 	C:\WINDOWS\System32\PSAPI.DLL
0x00007ffadc1f0000 - 0x00007ffadc1f9000 	C:\WINDOWS\SYSTEM32\WSOCK32.dll
0x00007ffacfe30000 - 0x00007ffacfe57000 	C:\WINDOWS\SYSTEM32\WINMM.dll
0x00007ffae4b10000 - 0x00007ffae4b7b000 	C:\WINDOWS\System32\WS2_32.dll
0x00007ffad5450000 - 0x00007ffad545a000 	C:\WINDOWS\SYSTEM32\VERSION.dll
0x00007fface920000 - 0x00007fface92f000 	C:\Program Files\Android\Android Studio\jre\jre\bin\verify.dll
0x00007ffa8c970000 - 0x00007ffa8c999000 	C:\Program Files\Android\Android Studio\jre\jre\bin\java.dll
0x00007ffa8ce40000 - 0x00007ffa8ce56000 	C:\Program Files\Android\Android Studio\jre\jre\bin\zip.dll
0x00007ffae5870000 - 0x00007ffae5fb5000 	C:\WINDOWS\System32\SHELL32.dll
0x00007ffae1f00000 - 0x00007ffae2692000 	C:\WINDOWS\SYSTEM32\windows.storage.dll
0x00007ffae4790000 - 0x00007ffae4ae5000 	C:\WINDOWS\System32\combase.dll
0x00007ffae38a0000 - 0x00007ffae38d0000 	C:\WINDOWS\SYSTEM32\Wldp.dll
0x00007ffae6660000 - 0x00007ffae670d000 	C:\WINDOWS\System32\SHCORE.dll
0x00007ffae6300000 - 0x00007ffae6355000 	C:\WINDOWS\System32\shlwapi.dll
0x00007ffae3d80000 - 0x00007ffae3d9f000 	C:\WINDOWS\SYSTEM32\profapi.dll
0x00007ffa933f0000 - 0x00007ffa9340a000 	C:\Program Files\Android\Android Studio\jre\jre\bin\net.dll
0x00007ffae3600000 - 0x00007ffae366a000 	C:\WINDOWS\system32\mswsock.dll
0x00007ffa8bff0000 - 0x00007ffa8c003000 	C:\Program Files\Android\Android Studio\jre\jre\bin\nio.dll
0x00007ffade230000 - 0x00007ffade256000 	C:\Users\ARIF\.gradle\native\31\windows-amd64\native-platform.dll
0x00007ffac9700000 - 0x00007ffac970d000 	C:\Program Files\Android\Android Studio\jre\jre\bin\management.dll
0x00007ffae3800000 - 0x00007ffae3818000 	C:\WINDOWS\SYSTEM32\CRYPTSP.dll
0x00007ffae2eb0000 - 0x00007ffae2ee4000 	C:\WINDOWS\system32\rsaenh.dll
0x00007ffae4050000 - 0x00007ffae4077000 	C:\WINDOWS\System32\bcrypt.dll
0x00007ffae3d00000 - 0x00007ffae3d2e000 	C:\WINDOWS\SYSTEM32\USERENV.dll
0x00007ffae4080000 - 0x00007ffae4102000 	C:\WINDOWS\System32\bcryptprimitives.dll
0x00007ffae37f0000 - 0x00007ffae37fc000 	C:\WINDOWS\SYSTEM32\CRYPTBASE.dll
0x00007ffae32a0000 - 0x00007ffae32db000 	C:\WINDOWS\SYSTEM32\IPHLPAPI.DLL
0x00007ffae4f80000 - 0x00007ffae4f88000 	C:\WINDOWS\System32\NSI.dll
0x00007ffad9d20000 - 0x00007ffad9d37000 	C:\WINDOWS\SYSTEM32\dhcpcsvc6.DLL
0x00007ffadada0000 - 0x00007ffadadbd000 	C:\WINDOWS\SYSTEM32\dhcpcsvc.DLL
0x00007ffae32f0000 - 0x00007ffae33bb000 	C:\WINDOWS\SYSTEM32\DNSAPI.dll
0x00007ffa8d270000 - 0x00007ffa8d294000 	C:\Program Files\Android\Android Studio\jre\jre\bin\sunec.dll
0x00007ffadb4c0000 - 0x00007ffadb4ca000 	C:\Windows\System32\rasadhlp.dll
0x00007ffad25c0000 - 0x00007ffad2640000 	C:\WINDOWS\System32\fwpuclnt.dll
0x00007ffadfc50000 - 0x00007ffadfc5b000 	C:\Program Files\Android\Android Studio\jre\jre\bin\sunmscapi.dll
0x00007ffae4630000 - 0x00007ffae4786000 	C:\WINDOWS\System32\CRYPT32.dll
0x00007ffae2fd0000 - 0x00007ffae3003000 	C:\WINDOWS\SYSTEM32\ntmarta.dll
0x00007ffacb680000 - 0x00007ffacb864000 	C:\WINDOWS\SYSTEM32\dbghelp.dll

VM Arguments:
jvm_args: -Xmx2048m -Dfile.encoding=windows-1252 -Duser.country=US -Duser.language=en -Duser.variant 
java_command: org.gradle.launcher.daemon.bootstrap.GradleDaemon 6.1.1
java_class_path (initial): C:\Users\ARIF\.gradle\wrapper\dists\gradle-6.1.1-all\cfmwm155h49vnt3hynmlrsdst\gradle-6.1.1\lib\gradle-launcher-6.1.1.jar
Launcher Type: SUN_STANDARD

Environment Variables:
PATH=C:\Program Files\Common Files\Oracle\Java\javapath;C:\WINDOWS\system32;C:\WINDOWS;C:\WINDOWS\System32\Wbem;C:\WINDOWS\System32\WindowsPowerShell\v1.0\;C:\WINDOWS\System32\OpenSSH\;C:\Users\ARIF\AppData\Local\Microsoft\WindowsApps;C:\Program Files\JetBrains\PhpStorm 2021.1.2\bin;;C:\Users\ARIF\AppData\Local\GitHubDesktop\bin
USERNAME=ARIF
OS=Windows_NT
PROCESSOR_IDENTIFIER=Intel64 Family 6 Model 69 Stepping 1, GenuineIntel



---------------  S Y S T E M  ---------------

OS: Windows 10.0 , 64 bit Build 19041 (10.0.19041.2546)

CPU:total 4 (initial active 4) (2 cores per cpu, 2 threads per core) family 6 model 69 stepping 1, cmov, cx8, fxsr, mmx, sse, sse2, sse3, ssse3, sse4.1, sse4.2, popcnt, avx, avx2, aes, clmul, erms, lzcnt, ht, tsc, tscinvbit, bmi1, bmi2

Memory: 4k page, physical 8290332k(800112k free), swap 15433912k(5475020k free)

vm_info: OpenJDK 64-Bit Server VM (25.242-b01) for windows-amd64 JRE (1.8.0_242-release-1644-b01), built by "builder" with MS VC++ 10.0 (VS2010)

time: Sun Mar 05 19:18:45 2023
timezone: Bangladesh Standard Time
elapsed time: 3900 seconds (0d 1h 5m 0s)

